d:\study\计算机图形学\合工大\实验\实验一：直线生成算法\debug\experiment_frame_one.pch
d:\study\计算机图形学\合工大\实验\实验一：直线生成算法\debug\vc143.pdb
d:\study\计算机图形学\合工大\实验\实验一：直线生成算法\debug\vc143.idb
d:\study\计算机图形学\合工大\实验\实验一：直线生成算法\debug\stdafx.obj
d:\study\计算机图形学\合工大\实验\实验一：直线生成算法\debug\experiment_frame_one.obj
d:\study\计算机图形学\合工大\实验\实验一：直线生成算法\debug\experiment_frame_onedoc.obj
d:\study\计算机图形学\合工大\实验\实验一：直线生成算法\debug\inputdialog.obj
d:\study\计算机图形学\合工大\实验\实验一：直线生成算法\debug\mainfrm.obj
d:\study\计算机图形学\合工大\实验\实验一：直线生成算法\debug\settingdlg.obj
d:\study\计算机图形学\合工大\实验\实验一：直线生成算法\debug\experiment_frame_oneview.obj
d:\study\计算机图形学\合工大\实验\实验一：直线生成算法\debug\experiment_frame_one.exe
d:\study\计算机图形学\合工大\实验\实验一：直线生成算法\debug\experiment_frame_one.ilk
d:\study\计算机图形学\合工大\实验\实验一：直线生成算法\debug\experiment_frame_one.pdb
d:\study\计算机图形学\合工大\实验\实验一：直线生成算法\debug\experiment_frame_one.res
d:\study\计算机图形学\合工大\实验\实验一：直线生成算法\debug\experime.21fabb92.tlog\cl.command.1.tlog
d:\study\计算机图形学\合工大\实验\实验一：直线生成算法\debug\experime.21fabb92.tlog\cl.read.1.tlog
d:\study\计算机图形学\合工大\实验\实验一：直线生成算法\debug\experime.21fabb92.tlog\cl.write.1.tlog
d:\study\计算机图形学\合工大\实验\实验一：直线生成算法\debug\experime.21fabb92.tlog\link.command.1.tlog
d:\study\计算机图形学\合工大\实验\实验一：直线生成算法\debug\experime.21fabb92.tlog\link.read.1.tlog
d:\study\计算机图形学\合工大\实验\实验一：直线生成算法\debug\experime.21fabb92.tlog\link.write.1.tlog
d:\study\计算机图形学\合工大\实验\实验一：直线生成算法\debug\experime.21fabb92.tlog\rc.command.1.tlog
d:\study\计算机图形学\合工大\实验\实验一：直线生成算法\debug\experime.21fabb92.tlog\rc.read.1.tlog
d:\study\计算机图形学\合工大\实验\实验一：直线生成算法\debug\experime.21fabb92.tlog\rc.write.1.tlog
